<?xml version="1.0" encoding="UTF-8"?>
<!-- Generated by org.testng.reporters.JUnitReportReporter -->
<testsuite hostname="DESKTOP-NDVQ92D" failures="0" tests="1" name="com.Selenium.AppScripts.AppTestScripts" time="33.323" errors="0" timestamp="2021-02-02T22:46:02 CST" skipped="0">
  <testcase classname="com.Selenium.AppScripts.AppTestScripts" name="launchbrowser" time="33.323"/>
  <system-out/>
</testsuite> <!-- com.Selenium.AppScripts.AppTestScripts -->
