<?xml version="1.0" encoding="UTF-8"?>
<!-- Generated by org.testng.reporters.JUnitReportReporter -->
<testsuite hostname="DESKTOP-NDVQ92D" failures="0" tests="1" name="com.Selenium.AppUtilities.MavenSampleTest" time="0.007" errors="0" timestamp="2021-02-02T16:53:01 CST" skipped="0">
  <testcase classname="com.Selenium.AppUtilities.MavenSampleTest" name="f" time="0.007"/>
  <system-out/>
</testsuite> <!-- com.Selenium.AppUtilities.MavenSampleTest -->
