<?xml version="1.0" encoding="UTF-8"?>
<!-- Generated by org.testng.reporters.JUnitReportReporter -->
<testsuite hostname="DESKTOP-NDVQ92D" failures="0" tests="1" name="com.Selenium.AppScripts.AppTestScripts" time="8.852" errors="0" timestamp="2021-02-03T22:48:18 CST" skipped="0">
  <testcase classname="com.Selenium.AppScripts.AppTestScripts" name="launchbrowser" time="8.852"/>
  <system-out/>
</testsuite> <!-- com.Selenium.AppScripts.AppTestScripts -->
