<?xml version="1.0" encoding="UTF-8"?>
<!-- Generated by org.testng.reporters.JUnitReportReporter -->
<testsuite hostname="DESKTOP-NDVQ92D" failures="0" tests="1" name="com.Selenium.AppScripts.AppTest" time="0.008" errors="0" timestamp="2021-01-29T12:53:16 CST" skipped="0">
  <testcase classname="com.Selenium.AppScripts.AppTest" name="launchbrowser" time="0.008"/>
  <system-out/>
</testsuite> <!-- com.Selenium.AppScripts.AppTest -->
